<?xml version="1.0" encoding="UTF-8"?>
<!-- Generated by org.testng.reporters.JUnitXMLReporter -->
<testsuite hostname="DESKTOP-HHTB5CG" ignored="0" tests="5" failures="0" timestamp="2019-01-29T09:57:00 MSK" time="0.078" errors="0">
  <testcase name="testExperimentalPlanesHasClassificationLevelHigherThanUnclassified" time="0.03" classname="AirportTest"/>
  <testcase name="testGetPassengerPlaneWithMaxCapacity" time="0.0" classname="AirportTest"/>
  <testcase name="testGetTransportMilitaryPlanes" time="0.001" classname="AirportTest"/>
  <testcase name="testHasAtLeastOneBomberInMilitaryPlanes" time="0.0" classname="AirportTest"/>
  <testcase name="testPlanesSortedByMaxLoadCapacity" time="0.001" classname="AirportTest"/>
</testsuite>
