<?xml version="1.0" encoding="UTF-8"?>
<testng-results skipped="0" failed="0" ignored="0" total="5" passed="5">
  <reporter-output>
  </reporter-output>
  <suite name="AirportTest" duration-ms="78" started-at="2019-01-29T09:57:00 MSK" finished-at="2019-01-29T09:57:00 MSK">
    <groups>
    </groups>
    <test name="Command line test" duration-ms="78" started-at="2019-01-29T09:57:00 MSK" finished-at="2019-01-29T09:57:00 MSK">
      <class name="AirportTest">
        <test-method status="PASS" signature="testExperimentalPlanesHasClassificationLevelHigherThanUnclassified()[pri:0, instance:AirportTest@67b6d4ae]" name="testExperimentalPlanesHasClassificationLevelHigherThanUnclassified" duration-ms="30" started-at="2019-01-29T09:57:00 MSK" finished-at="2019-01-29T09:57:00 MSK">
          <reporter-output>
          </reporter-output>
        </test-method> <!-- testExperimentalPlanesHasClassificationLevelHigherThanUnclassified -->
        <test-method status="PASS" signature="testGetTransportMilitaryPlanes()[pri:0, instance:AirportTest@67b6d4ae]" name="testGetTransportMilitaryPlanes" duration-ms="1" started-at="2019-01-29T09:57:00 MSK" finished-at="2019-01-29T09:57:00 MSK">
          <reporter-output>
          </reporter-output>
        </test-method> <!-- testGetTransportMilitaryPlanes -->
        <test-method status="PASS" signature="testGetPassengerPlaneWithMaxCapacity()[pri:0, instance:AirportTest@67b6d4ae]" name="testGetPassengerPlaneWithMaxCapacity" duration-ms="0" started-at="2019-01-29T09:57:00 MSK" finished-at="2019-01-29T09:57:00 MSK">
          <reporter-output>
          </reporter-output>
        </test-method> <!-- testGetPassengerPlaneWithMaxCapacity -->
        <test-method status="PASS" signature="testHasAtLeastOneBomberInMilitaryPlanes()[pri:0, instance:AirportTest@67b6d4ae]" name="testHasAtLeastOneBomberInMilitaryPlanes" duration-ms="0" started-at="2019-01-29T09:57:00 MSK" finished-at="2019-01-29T09:57:00 MSK">
          <reporter-output>
          </reporter-output>
        </test-method> <!-- testHasAtLeastOneBomberInMilitaryPlanes -->
        <test-method status="PASS" signature="testPlanesSortedByMaxLoadCapacity()[pri:0, instance:AirportTest@67b6d4ae]" name="testPlanesSortedByMaxLoadCapacity" duration-ms="1" started-at="2019-01-29T09:57:00 MSK" finished-at="2019-01-29T09:57:00 MSK">
          <reporter-output>
          </reporter-output>
        </test-method> <!-- testPlanesSortedByMaxLoadCapacity -->
      </class> <!-- AirportTest -->
    </test> <!-- Command line test -->
  </suite> <!-- AirportTest -->
</testng-results>
